<?xml version="1.0" encoding="UTF-8"?>
<!-- Generated by org.testng.reporters.JUnitReportReporter -->
<testsuite skipped="0" hostname="LAPTOP-6B9J2DB6" name="cmdproject.CmdProjectDemoTest" tests="1" failures="0" timestamp="22 Apr 2021 07:48:25 GMT" time="0.005" errors="0">
  <testcase name="demo" time="0.005" classname="cmdproject.CmdProjectDemoTest"/>
</testsuite> <!-- cmdproject.CmdProjectDemoTest -->
